0 info it worked if it ends with ok
1 verbose cli [ '/Users/xcp153/.nvm/versions/node/v6.11.1/bin/node',
1 verbose cli   '/Users/xcp153/.nvm/versions/node/v6.11.1/bin/npm',
1 verbose cli   'start' ]
2 info using npm@3.10.10
3 info using node@v6.11.1
4 verbose run-script [ 'prestart', 'start', 'poststart' ]
5 info lifecycle angular4-project@0.0.0~prestart: angular4-project@0.0.0
6 silly lifecycle angular4-project@0.0.0~prestart: no script for prestart, continuing
7 info lifecycle angular4-project@0.0.0~start: angular4-project@0.0.0
8 verbose lifecycle angular4-project@0.0.0~start: unsafe-perm in lifecycle true
9 verbose lifecycle angular4-project@0.0.0~start: PATH: /Users/xcp153/.nvm/versions/node/v6.11.1/lib/node_modules/npm/bin/node-gyp-bin:/Users/xcp153/AngularEaters/Angular 4 template/node_modules/.bin:/usr/local/cof/bin:/opt/local/bin:/opt/local/sbin:/Users/xcp153/.nvm/versions/node/v6.11.1/bin:/Users/xcp153/.rvm/gems/ruby-2.3.1/bin:/Users/xcp153/.rvm/gems/ruby-2.3.1@global/bin:/Users/xcp153/.rvm/rubies/ruby-2.3.1/bin:/usr/local/bin:/usr/bin:/bin:/usr/sbin:/sbin:/opt/X11/bin:/Users/xcp153/.rvm/bin:/Users/xcp153/.rvm/bin:/Library/Java/JavaVirtualMachines/jdk1.8.0_152.jdk/Contents/Home/bin:/Users/xcp153/apache-maven-3.3.9/bin:/Users/xcp153/bin
10 verbose lifecycle angular4-project@0.0.0~start: CWD: /Users/xcp153/AngularEaters/Angular 4 template
11 silly lifecycle angular4-project@0.0.0~start: Args: [ '-c', 'ng serve' ]
12 silly lifecycle angular4-project@0.0.0~start: Returned: code: 1  signal: null
13 info lifecycle angular4-project@0.0.0~start: Failed to exec start script
14 verbose stack Error: angular4-project@0.0.0 start: `ng serve`
14 verbose stack Exit status 1
14 verbose stack     at EventEmitter.<anonymous> (/Users/xcp153/.nvm/versions/node/v6.11.1/lib/node_modules/npm/lib/utils/lifecycle.js:255:16)
14 verbose stack     at emitTwo (events.js:106:13)
14 verbose stack     at EventEmitter.emit (events.js:191:7)
14 verbose stack     at ChildProcess.<anonymous> (/Users/xcp153/.nvm/versions/node/v6.11.1/lib/node_modules/npm/lib/utils/spawn.js:40:14)
14 verbose stack     at emitTwo (events.js:106:13)
14 verbose stack     at ChildProcess.emit (events.js:191:7)
14 verbose stack     at maybeClose (internal/child_process.js:891:16)
14 verbose stack     at Process.ChildProcess._handle.onexit (internal/child_process.js:226:5)
15 verbose pkgid angular4-project@0.0.0
16 verbose cwd /Users/xcp153/AngularEaters/Angular 4 template
17 error Darwin 16.7.0
18 error argv "/Users/xcp153/.nvm/versions/node/v6.11.1/bin/node" "/Users/xcp153/.nvm/versions/node/v6.11.1/bin/npm" "start"
19 error node v6.11.1
20 error npm  v3.10.10
21 error code ELIFECYCLE
22 error angular4-project@0.0.0 start: `ng serve`
22 error Exit status 1
23 error Failed at the angular4-project@0.0.0 start script 'ng serve'.
23 error Make sure you have the latest version of node.js and npm installed.
23 error If you do, this is most likely a problem with the angular4-project package,
23 error not with npm itself.
23 error Tell the author that this fails on your system:
23 error     ng serve
23 error You can get information on how to open an issue for this project with:
23 error     npm bugs angular4-project
23 error Or if that isn't available, you can get their info via:
23 error     npm owner ls angular4-project
23 error There is likely additional logging output above.
24 verbose exit [ 1, true ]
